nic: 537808356 530739 564547535 533587 520548 514721
nic: 536624836 522331 533464763 525541 527660 513377
nic: 537667323 509152 526862489 513518 521791 524842
nic: 549728448 539120 535407843 513321 510023 549037
nic: 525379037 513143 533229833 526086 535705 526915
nic: 531007284 531826 532737808 524524 531990 510680
worker: 84811281.89343004 4364.919336207863 1603211459 530179 1005 1023 53 402 896 1023 528859674 514477 304 725 596 1023 526146 536972 635 1022 513408550 530180 266 347 563 1023 534932017 512599 541013503 522818 725 302 22 1023 539813268 533015 248 264 560 1023 537156922 530167 771 140 277 1023
worker: 84327342.40353133 4707.42724112299 1617985917 515412 596 1023 540 301 62 1023 527383315 507396 997 479 490 1023 500799 518823 244 1023 531814753 523015 146 660 573 1023 522151890 507341 539560470 546752 783 111 820 1023 530681443 526373 1013 239 876 1023 550502869 513242 476 620 242 1021
worker: 84040580.43789841 5087.729985597566 1584959234 528452 811 1023 700 184 286 1021 529802208 526456 807 685 1003 1023 522110 507686 357 1022 545235329 526694 876 401 89 1023 539576133 510181 547080136 516108 898 64 963 1023 542077905 521690 1021 522 589 1023 523308237 513458 393 124 84 1023
worker: 84678367.35340768 4651.948269879831 1603631177 523769 219 1023 806 896 726 1023 543653935 535111 918 30 852 1023 525348 534193 386 1019 510861515 516348 318 519 691 1023 529460401 502721 526847000 528474 245 806 257 1023 527761668 517183 563 727 515 1022 531307097 515027 834 526 931 1023
worker: 84086606.98935047 4532.033109834345 1619225571 524712 114 1022 402 326 626 1023 530355379 519984 712 396 270 1023 523017 514275 239 1023 541796980 512510 789 512 25 1023 524088190 537663 532922181 514311 75 221 655 1022 538592213 516941 252 949 941 1022 527572091 530360 375 570 549 1023
worker: 84167216.83225162 4152.471727969003 1602685838 519879 562 1023 774 703 681 1022 525422034 523696 551 815 712 1023 521626 516772 977 1023 522179995 497152 63 244 132 1022 542504313 525777 547676213 521759 550 1003 172 1023 539232576 523431 414 425 135 1023 532997655 524464 397 642 117 1021
worker: 84856741.06835198 4277.806040305224 1063477386 514122 899 1023 755 157 672 1023 527404162 522688 287 209 460 1023 520073 519712 862 1023 528071754 514875 45 68 279 1023 552901610 531927 542898802 505796 518 946 707 1019 535376434 518431 3 311 628 1023 530676983 522211 945 55 613 1019
worker: 84693380.09329268 4749.320445055226 1073294828 513630 903 1021 204 858 797 1023 532707767 533395 909 285 327 1017 508703 528763 150 1023 539904449 515342 87 641 745 1023 540323081 532736 538729889 528685 758 149 821 1022 531201989 510599 875 203 607 1023 534738597 532108 831 412 384 1023
logger: 27585 142 1023 1037986 1066387993 1062137 1603992252
logger: 27588 490 1023 1016821 1062015426 1052675 1618055098
logger: 27594 919 1023 1050811 1042477195 1038289 1585017865
logger: 27597 1009 1023 1042150 1075805638 1054517 1604410171
logger: 27598 16 1023 1050650 1077343791 1051451 1620100496
logger: 27602 741 1023 1049314 1061586168 1061709 1603061433
act: 1 1038795 1066578366 1062662 1604915010
act: 2 1017480 1062148214 1052900 1618946630
act: 3 1051314 1043361021 1038350 1585203656
act: 4 1042784 1076032189 1055406 1605004005
act: 5 1050748 1078103855 1052149 1621146861
act: 6 1049853 1062484893 1061911 1603188390
act: 7 511506 527597680 524433 1064098045
act: 8 529383 520445102 529843 1073437343
act: 9 520197 529854582 508234 542546821
act: 10 529349 523821894 533821 534484284
act: 11 519010 553617098 511060 539944534
act: 12 508228 530136818 510271 542399293
act: 13 493553 535096950 507538 535175308
act: 14 514917 516322901 512048 536831674
act: 15 520712 534923991 523847 532634162
act: 16 511847 544616584 514729 532644063
act: 17 531619 536514875 525931 533826057
act: 18 523288 539406355 524844 525824258
act: 19 506852 535529029 524110 524048844
act: 20 530559 521554999 528132 548073508
act: 21 528235 527210075 519094 526941672
act: 22 513233 540908471 523558 527952881
act: 23 531501 531635539 518515 541085258
act: 24 510747 522381038 534226 531856949
act: 25 523907 529469871 534405 547251407
act: 26 536221 557682633 501808 528415808
act: 27 538483 529226627 522630 521792026
act: 28 496980 520961113 519335 536633874
act: 29 512191 528638397 527406 519455162
act: 30 522952 538198746 518897 535721976
act: 31 535810 534617566 502782 539871141
act: 32 510140 546700629 521722 538974543
act: 33 519980 528266898 514925 540346237
act: 34 508150 544896950 506706 521678260
act: 35 529167 543964992 531037 543350923
act: 36 518943 542706985 524446 508685805
act: 37 518540 547194463 534953 524359491
act: 38 533725 518806908 522691 548308703
act: 39 530530 534986230 518601 545143246
act: 40 513688 543245478 527622 549881297
act: 41 540040 538384424 522194 538075351
act: 42 516695 537708155 509822 529832941
act: 43 512443 544522061 536922 541054443
act: 44 512272 546328028 522712 516896270
act: 45 524418 528081483 518322 534581263
act: 46 519734 532045323 519261 530363310
act: 47 530350 527410949 512498 529917355
act: 48 518957 519803368 520106 543495130
act: 49 527592 530752889 528862 522200411
act: 50 512652 537999395 526991 535418728
act: 51 500290 552579750 526579 534157165
act: 52 523076 530365725 538365 534305736
act: 53 513878 533406585 525284 532818212
act: 54 526680 523837349 531321 541390581
act: 55 537511 521267115 527519 532199705
act: 56 513193 541714065 517136 535504544
act: 57 522081 539485349 536768 548226319
act: 58 525669 530345119 511811 543381159
act: 59 523878 525660325 515228 547360277
act: 60 525639 536461363 513550 549841216
act: 61 515177 543532500 517058 554469665
act: 62 506797 536331705 521106 532899766
act: 63 536220 544614043 519415 526376337
act: 64 515835 532181039 508754 537218735
act: 65 523776 534970998 501602 528619340
act: 66 523651 533467094 511426 540399133
act: 67 527631 540178963 516684 534686445
act: 68 523864 543952137 526168 538110597
act: 69 515029 539394047 530679 529387540
act: 70 527581 541950218 521115 539573200
act: 71 515903 516511904 531031 525919360
act: 72 527905 542015046 520983 531180961
act: 73 532299 514616680 525464 545261900
act: 74 524819 534598353 531517 531876658
act: 75 515396 538575127 531742 518476109
act: 76 527740 512824452 510013 535169953
act: 77 524544 525944944 514787 540876694
act: 78 527579 543527942 530376 526466926
act: 79 511720 542525252 532354 531412905
act: 80 514806 527980167 511991 546695359
act: 81 531739 550637865 507599 529429117
act: 82 533925 550549519 519512 533533192
act: 83 510641 554204138 523488 541288455
act: 84 525709 544131382 534466 531503462
act: 85 517190 556056835 533150 531690523
act: 86 530302 542318415 517355 538745762
act: 87 506930 533788859 517752 536756745
act: 88 524808 544343745 523498 533328168
act: 89 521282 536652665 525516 537105411
act: 90 518350 528835274 532761 524240507
act: 91 525882 525805034 521237 531946843
act: 92 538252 530529214 516731 545110899
act: 93 526964 538354103 520738 510664861
act: 94 538555 540437210 529316 544940176
act: 95 508825 525583351 529857 530672310
act: 96 524106 520190941 507510 526175040
act: 97 524000 522543839 512203 541291243
act: 98 498655 535692902 531142 535570511
act: 99 512228 537777713 512318 536675567
act: 100 525055 538957112 543333 529488285
act: 101 525292 516995647 529246 544595214
act: 102 516115 531065943 526399 545630921
act: 103 523239 539475907 525024 517908271
act: 104 517960 528244184 527984 540700145
act: 105 529339 542675628 516075 537903769
act: 106 516839 538756721 533398 529809917
act: 107 533126 534679899 531115 548743386
act: 108 517336 544126923 534111 544967452
act: 109 534707 528655561 516552 541694195
act: 110 506855 524849879 516068 534988811
act: 111 519249 545523343 524202 527888468
act: 112 542636 551945784 532880 521886648
act: 113 522978 548927603 522316 530689816
act: 114 523357 533725385 522161 522379816
act: 115 525006 543498516 511395 528457183
act: 116 523718 522162793 526482 539437073
act: 117 520529 533209617 510840 552305482
act: 118 512935 536505767 515622 515482865
act: 119 528722 529236314 524865 530223189
act: 120 521691 553456218 529458 530198419
act: 121 527053 530798743 523108 547984405
act: 122 527558 536934021 512892 528431683
act: 123 507508 547796924 510767 521075102
act: 124 525139 535734588 515375 527734402
act: 125 514540 540598713 509490 545683835
act: 126 520473 536140501 521530 513464172
act: 127 539877 533598939 503722 519886031
act: 128 514061 547495793 515534 537765655
act: 129 528418 522354565 510456 541751733
act: 130 527335 534131437 506934 535113062
act: 131 508198 526758757 519051 527502470
act: 132 523881 529748610 515905 536554613
act: 133 513095 528209288 504701 548085705
act: 134 503690 528225339 513562 538183042
act: 135 504030 527800921 542886 541836966
act: 136 504696 540604917 509490 538749321
act: 137 523807 515188664 529830 542595277
act: 138 538039 530189703 510530 529445604
act: 139 519999 540502426 509894 529934557
act: 140 515884 534782903 510750 540624453
act: 141 526264 530955269 504224 524826052
act: 142 526179 538775881 519610 547684988
act: 143 524829 526651831 516472 553908272
act: 144 524393 522272800 508909 536087954
act: 145 518570 554085778 512405 553691244
act: 146 528030 524161572 511579 532467133
act: 147 521416 531996077 508911 537165451
act: 148 516005 536077667 496727 524924735
act: 149 506820 530223066 544944 514439098
act: 150 510454 522886942 517484 540691348
act: 151 524132 544547767 515929 535783646
act: 152 525635 524106433 527486 523784039
act: 153 517507 542243498 508902 550197868
act: 154 517655 539501646 525459 546490155
act: 155 525081 539447756 507015 537947055
act: 156 534639 530792845 528133 539225840
act: 157 517065 521280549 524261 532376903
act: 158 514336 532504446 520311 537721161
act: 159 530515 539108957 535032 523812638
act: 160 526038 559681978 528189 540667244
act: 161 516533 536519203 528526 534551209
act: 162 525333 521025098 530182 537989580
act: 163 528514 537968993 514272 534130003
act: 164 509721 539932946 517701 535661562
act: 165 535924 518823525 523237 541853735
act: 166 505461 526311727 528569 537803178
act: 167 519107 532661191 521985 536091111
act: 168 523630 538584873 510745 543715497
act: 169 531138 530671331 537204 510838620
act: 170 515535 534376564 528305 535734166
act: 171 523520 537500333 512927 526131677
act: 172 531412 531047449 527812 534742995
act: 173 516433 527677191 527513 537783088
act: 174 529802 531528280 516351 543018411
act: 175 523098 517455434 534859 546804844
act: 176 522946 539797106 523459 523115298
act: 177 523207 519593084 520903 552893995
act: 178 515658 540561591 525507 553547206
act: 179 512451 550853641 508819 542601852
act: 180 531976 527131803 522243 532184543
act: 181 513418 534944168 532636 544164480
act: 182 524619 552632513 529498 527290950
act: 183 521494 522000608 520181 536168430
act: 184 532416 524685636 524309 526269205
act: 185 521356 543692389 524103 544072254
act: 186 526340 538160109 528140 551275260
act: 187 519167 528438757 510696 536040645
act: 188 512207 543471347 513416 534762186
act: 189 524792 519550610 535883 522455593
act: 190 506312 541616066 510687 540472254
act: 191 513992 531821846 520358 541938513
act: 192 527775 527828484 498853 528070847
act: 193 518745 549455005 521811 526551668
act: 194 511805 521830992 501746 536561764
act: 195 515377 532736866 513834 536932004
act: 196 519626 525530344 522512 541231854
act: 197 510775 530313947 512121 531513898
act: 198 517085 539269718 505860 540458351
act: 199 514537 518205999 521798 527369211
act: 200 536624 548745630 528783 510784402
act: 201 537727 529101163 532013 532858064
act: 202 529248 528368403 513329 522306337
act: 203 502408 535177224 543475 519504815
act: 204 533645 531661485 513325 524454541
act: 205 529321 543744557 539336 521794045
act: 206 509206 529090277 514156 536104176
act: 207 511528 542982258 521693 540745612
act: 208 527110 540032263 520225 545383789
act: 209 516981 523416876 514374 531225035
act: 210 541559 534151976 512158 525648587
act: 211 518756 524300444 524586 528246318
act: 212 529211 537150254 533424 551276859
act: 213 527727 534844791 521468 527591715
act: 214 511891 544949891 514173 540785163
act: 215 545178 541064659 534579 540760494
act: 216 521136 545223299 524930 544938791
act: 217 518850 530878798 525726 530657703
act: 218 527200 535664212 512638 518762653
act: 219 508270 518117042 522696 546035568
act: 220 524048 537907523 520247 538110346
act: 221 507414 541384517 510588 558836723
act: 222 536748 543473982 525321 538470125
act: 223 530731 539358397 515635 525424326
act: 224 525166 529875182 528226 543762491
act: 225 523572 530101599 519417 556328288
act: 226 510719 539884385 538711 519802751
act: 227 523711 534735588 527902 534255972
act: 228 519599 526700527 514896 532424914
act: 229 534178 526873351 529941 525656387
act: 230 527414 526051403 535515 537580530
act: 231 528853 532879912 533446 532278518
act: 232 518256 542831941 525174 524398536
act: 233 529862 538483645 505969 538052744
act: 234 517453 543529904 513125 517452161
act: 235 519362 540642881 533012 534479631
act: 236 523857 524530460 524691 544698676
act: 237 512942 534735047 519765 528499610
act: 238 519140 510570235 530800 531383461
act: 239 517392 547003287 520163 547354291
act: 240 529665 539843524 535263 532817920
act: 241 499640 539007903 519428 526986959
act: 242 514744 527270391 510854 519969110
act: 243 529860 550806383 526489 546753287
act: 244 504654 546359499 539611 540306738
top: 8190 8189 8187 8190 8191 8190 8189 8179 6142